<?xml version="1.0" encoding="UTF-8"?>
<testng-results skipped="0" failed="0" ignored="0" total="1" passed="1">
  <reporter-output>
    <line>
      <![CDATA[open browser]]>
    </line>
    <line>
      <![CDATA[login]]>
    </line>
    <line>
      <![CDATA[logout]]>
    </line>
    <line>
      <![CDATA[close browser]]>
    </line>
  </reporter-output>
  <suite name="Default suite" duration-ms="94847" started-at="2021-08-21T12:20:00 IST" finished-at="2021-08-21T12:21:35 IST">
    <groups>
    </groups>
    <test name="Default test" duration-ms="94847" started-at="2021-08-21T12:20:00 IST" finished-at="2021-08-21T12:21:35 IST">
      <class name="com.actitime.testscript.CustomerModule">
        <test-method status="PASS" signature="openBrowser()[pri:0, instance:com.actitime.testscript.CustomerModule@149494d8]" name="openBrowser" is-config="true" duration-ms="35964" started-at="2021-08-21T12:20:01 IST" finished-at="2021-08-21T12:20:37 IST">
          <reporter-output>
            <line>
              <![CDATA[open browser]]>
            </line>
          </reporter-output>
        </test-method> <!-- openBrowser -->
        <test-method status="PASS" signature="login()[pri:0, instance:com.actitime.testscript.CustomerModule@149494d8]" name="login" is-config="true" duration-ms="15682" started-at="2021-08-21T12:20:37 IST" finished-at="2021-08-21T12:20:53 IST">
          <reporter-output>
            <line>
              <![CDATA[login]]>
            </line>
          </reporter-output>
        </test-method> <!-- login -->
        <test-method status="PASS" signature="testCreateCustomer()[pri:0, instance:com.actitime.testscript.CustomerModule@149494d8]" name="testCreateCustomer" duration-ms="34385" started-at="2021-08-21T12:20:53 IST" finished-at="2021-08-21T12:21:27 IST">
          <reporter-output>
          </reporter-output>
        </test-method> <!-- testCreateCustomer -->
        <test-method status="PASS" signature="logout()[pri:0, instance:com.actitime.testscript.CustomerModule@149494d8]" name="logout" is-config="true" duration-ms="2734" started-at="2021-08-21T12:21:27 IST" finished-at="2021-08-21T12:21:30 IST">
          <reporter-output>
            <line>
              <![CDATA[logout]]>
            </line>
          </reporter-output>
        </test-method> <!-- logout -->
        <test-method status="PASS" signature="closeBrowser()[pri:0, instance:com.actitime.testscript.CustomerModule@149494d8]" name="closeBrowser" is-config="true" duration-ms="4347" started-at="2021-08-21T12:21:30 IST" finished-at="2021-08-21T12:21:35 IST">
          <reporter-output>
            <line>
              <![CDATA[close browser]]>
            </line>
          </reporter-output>
        </test-method> <!-- closeBrowser -->
      </class> <!-- com.actitime.testscript.CustomerModule -->
    </test> <!-- Default test -->
  </suite> <!-- Default suite -->
</testng-results>
